{"/home/sameer-rog/work/shadowcast/fourthStar/fourth-star-web-user-frontend/src/components/footer/Index.jsx": {"path":"/home/sameer-rog/work/shadowcast/fourthStar/fourth-star-web-user-frontend/src/components/footer/Index.jsx","statementMap":{"0":{"start":{"line":14,"column":14},"end":{"line":64,"column":1}},"1":{"start":{"line":15,"column":2},"end":{"line":63,"column":4}}},"fnMap":{"0":{"name":"(anonymous_0)","decl":{"start":{"line":14,"column":14},"end":{"line":14,"column":15}},"loc":{"start":{"line":14,"column":20},"end":{"line":64,"column":1}},"line":14}},"branchMap":{},"s":{"0":2,"1":7},"f":{"0":7},"b":{},"_coverageSchema":"1a1c01bbd47fc00a2c39e90264f33305004495a9","hash":"7a365e78f4ece956224f8f617782ab42c48b62af"}
,"/home/sameer-rog/work/shadowcast/fourthStar/fourth-star-web-user-frontend/src/components/header/Index.jsx": {"path":"/home/sameer-rog/work/shadowcast/fourthStar/fourth-star-web-user-frontend/src/components/header/Index.jsx","statementMap":{"0":{"start":{"line":19,"column":14},"end":{"line":72,"column":1}},"1":{"start":{"line":20,"column":19},"end":{"line":20,"column":32}},"2":{"start":{"line":21,"column":2},"end":{"line":71,"column":4}},"3":{"start":{"line":45,"column":29},"end":{"line":45,"column":42}}},"fnMap":{"0":{"name":"(anonymous_0)","decl":{"start":{"line":19,"column":14},"end":{"line":19,"column":15}},"loc":{"start":{"line":19,"column":20},"end":{"line":72,"column":1}},"line":19},"1":{"name":"(anonymous_1)","decl":{"start":{"line":45,"column":23},"end":{"line":45,"column":24}},"loc":{"start":{"line":45,"column":29},"end":{"line":45,"column":42}},"line":45}},"branchMap":{},"s":{"0":2,"1":8,"2":8,"3":0},"f":{"0":8,"1":0},"b":{},"_coverageSchema":"1a1c01bbd47fc00a2c39e90264f33305004495a9","hash":"38702cb69e3cf031bc41643906f2d33d6b057a9c"}
,"/home/sameer-rog/work/shadowcast/fourthStar/fourth-star-web-user-frontend/src/components/sidebar/Index.jsx": {"path":"/home/sameer-rog/work/shadowcast/fourthStar/fourth-star-web-user-frontend/src/components/sidebar/Index.jsx","statementMap":{"0":{"start":{"line":19,"column":14},"end":{"line":134,"column":1}},"1":{"start":{"line":20,"column":19},"end":{"line":20,"column":32}},"2":{"start":{"line":21,"column":23},"end":{"line":21,"column":36}},"3":{"start":{"line":23,"column":30},"end":{"line":23,"column":42}},"4":{"start":{"line":25,"column":2},"end":{"line":31,"column":17}},"5":{"start":{"line":26,"column":4},"end":{"line":26,"column":37}},"6":{"start":{"line":27,"column":4},"end":{"line":30,"column":5}},"7":{"start":{"line":28,"column":16},"end":{"line":28,"column":35}},"8":{"start":{"line":29,"column":6},"end":{"line":29,"column":66}},"9":{"start":{"line":32,"column":2},"end":{"line":133,"column":4}},"10":{"start":{"line":74,"column":31},"end":{"line":74,"column":66}}},"fnMap":{"0":{"name":"(anonymous_0)","decl":{"start":{"line":19,"column":14},"end":{"line":19,"column":15}},"loc":{"start":{"line":19,"column":32},"end":{"line":134,"column":1}},"line":19},"1":{"name":"(anonymous_1)","decl":{"start":{"line":25,"column":12},"end":{"line":25,"column":13}},"loc":{"start":{"line":25,"column":18},"end":{"line":31,"column":3}},"line":25},"2":{"name":"(anonymous_2)","decl":{"start":{"line":74,"column":25},"end":{"line":74,"column":26}},"loc":{"start":{"line":74,"column":31},"end":{"line":74,"column":66}},"line":74}},"branchMap":{"0":{"loc":{"start":{"line":27,"column":4},"end":{"line":30,"column":5}},"type":"if","locations":[{"start":{"line":27,"column":4},"end":{"line":30,"column":5}},{"start":{},"end":{}}],"line":27},"1":{"loc":{"start":{"line":29,"column":16},"end":{"line":29,"column":64}},"type":"cond-expr","locations":[{"start":{"line":29,"column":46},"end":{"line":29,"column":59}},{"start":{"line":29,"column":62},"end":{"line":29,"column":64}}],"line":29},"2":{"loc":{"start":{"line":78,"column":20},"end":{"line":80,"column":91}},"type":"cond-expr","locations":[{"start":{"line":79,"column":24},"end":{"line":79,"column":98}},{"start":{"line":80,"column":24},"end":{"line":80,"column":91}}],"line":78}},"s":{"0":1,"1":4,"2":4,"3":4,"4":4,"5":4,"6":4,"7":4,"8":4,"9":4,"10":0},"f":{"0":4,"1":4,"2":0},"b":{"0":[4,0],"1":[0,4],"2":[0,4]},"_coverageSchema":"1a1c01bbd47fc00a2c39e90264f33305004495a9","hash":"df86a0306447f62d1c0969209e679605f42645f8"}
,"/home/sameer-rog/work/shadowcast/fourthStar/fourth-star-web-user-frontend/src/pages/home/Index.jsx": {"path":"/home/sameer-rog/work/shadowcast/fourthStar/fourth-star-web-user-frontend/src/pages/home/Index.jsx","statementMap":{"0":{"start":{"line":18,"column":14},"end":{"line":235,"column":1}},"1":{"start":{"line":19,"column":2},"end":{"line":234,"column":4}}},"fnMap":{"0":{"name":"(anonymous_0)","decl":{"start":{"line":18,"column":14},"end":{"line":18,"column":15}},"loc":{"start":{"line":18,"column":20},"end":{"line":235,"column":1}},"line":18}},"branchMap":{},"s":{"0":1,"1":5},"f":{"0":5},"b":{},"_coverageSchema":"1a1c01bbd47fc00a2c39e90264f33305004495a9","hash":"d957ed77809939d265ba8770a6dab519a26a3888"}
,"/home/sameer-rog/work/shadowcast/fourthStar/fourth-star-web-user-frontend/src/pages/marketplace/Index.jsx": {"path":"/home/sameer-rog/work/shadowcast/fourthStar/fourth-star-web-user-frontend/src/pages/marketplace/Index.jsx","statementMap":{"0":{"start":{"line":19,"column":47},"end":{"line":19,"column":52}},"1":{"start":{"line":21,"column":2},"end":{"line":31,"column":4}},"2":{"start":{"line":35,"column":2},"end":{"line":38,"column":4}},"3":{"start":{"line":41,"column":14},"end":{"line":151,"column":1}},"4":{"start":{"line":42,"column":19},"end":{"line":42,"column":32}},"5":{"start":{"line":43,"column":28},"end":{"line":43,"column":39}},"6":{"start":{"line":48,"column":23},"end":{"line":62,"column":3}},"7":{"start":{"line":49,"column":4},"end":{"line":61,"column":5}},"8":{"start":{"line":51,"column":8},"end":{"line":51,"column":44}},"9":{"start":{"line":52,"column":8},"end":{"line":52,"column":14}},"10":{"start":{"line":54,"column":8},"end":{"line":54,"column":39}},"11":{"start":{"line":55,"column":8},"end":{"line":55,"column":14}},"12":{"start":{"line":57,"column":8},"end":{"line":57,"column":52}},"13":{"start":{"line":58,"column":8},"end":{"line":58,"column":14}},"14":{"start":{"line":60,"column":8},"end":{"line":60,"column":14}},"15":{"start":{"line":64,"column":2},"end":{"line":66,"column":14}},"16":{"start":{"line":65,"column":4},"end":{"line":65,"column":46}},"17":{"start":{"line":65,"column":22},"end":{"line":65,"column":46}},"18":{"start":{"line":67,"column":2},"end":{"line":150,"column":4}}},"fnMap":{"0":{"name":"TabPanel","decl":{"start":{"line":18,"column":9},"end":{"line":18,"column":17}},"loc":{"start":{"line":18,"column":25},"end":{"line":32,"column":1}},"line":18},"1":{"name":"a11yProps","decl":{"start":{"line":34,"column":9},"end":{"line":34,"column":18}},"loc":{"start":{"line":34,"column":26},"end":{"line":39,"column":1}},"line":34},"2":{"name":"(anonymous_2)","decl":{"start":{"line":41,"column":14},"end":{"line":41,"column":15}},"loc":{"start":{"line":41,"column":25},"end":{"line":151,"column":1}},"line":41},"3":{"name":"(anonymous_3)","decl":{"start":{"line":48,"column":23},"end":{"line":48,"column":24}},"loc":{"start":{"line":48,"column":44},"end":{"line":62,"column":3}},"line":48},"4":{"name":"(anonymous_4)","decl":{"start":{"line":64,"column":12},"end":{"line":64,"column":13}},"loc":{"start":{"line":64,"column":18},"end":{"line":66,"column":3}},"line":64}},"branchMap":{"0":{"loc":{"start":{"line":29,"column":7},"end":{"line":29,"column":48}},"type":"binary-expr","locations":[{"start":{"line":29,"column":7},"end":{"line":29,"column":22}},{"start":{"line":29,"column":26},"end":{"line":29,"column":48}}],"line":29},"1":{"loc":{"start":{"line":49,"column":4},"end":{"line":61,"column":5}},"type":"switch","locations":[{"start":{"line":50,"column":6},"end":{"line":52,"column":14}},{"start":{"line":53,"column":6},"end":{"line":55,"column":14}},{"start":{"line":56,"column":6},"end":{"line":58,"column":14}},{"start":{"line":59,"column":6},"end":{"line":60,"column":14}}],"line":49},"2":{"loc":{"start":{"line":65,"column":4},"end":{"line":65,"column":46}},"type":"if","locations":[{"start":{"line":65,"column":4},"end":{"line":65,"column":46}},{"start":{},"end":{}}],"line":65}},"s":{"0":24,"1":24,"2":48,"3":1,"4":8,"5":8,"6":8,"7":0,"8":0,"9":0,"10":0,"11":0,"12":0,"13":0,"14":0,"15":8,"16":8,"17":0,"18":8},"f":{"0":24,"1":48,"2":8,"3":0,"4":8},"b":{"0":[24,8],"1":[0,0,0,0],"2":[0,8]},"_coverageSchema":"1a1c01bbd47fc00a2c39e90264f33305004495a9","hash":"d5ba6ccd71162ae75a6501628ee7ad9b28ac9ac7"}
,"/home/sameer-rog/work/shadowcast/fourthStar/fourth-star-web-user-frontend/src/pages/marketplace/apartments/Index.jsx": {"path":"/home/sameer-rog/work/shadowcast/fourthStar/fourth-star-web-user-frontend/src/pages/marketplace/apartments/Index.jsx","statementMap":{"0":{"start":{"line":36,"column":14},"end":{"line":344,"column":1}},"1":{"start":{"line":37,"column":19},"end":{"line":37,"column":32}},"2":{"start":{"line":39,"column":48},"end":{"line":78,"column":4}},"3":{"start":{"line":79,"column":38},"end":{"line":95,"column":4}},"4":{"start":{"line":97,"column":2},"end":{"line":343,"column":4}},"5":{"start":{"line":147,"column":14},"end":{"line":177,"column":21}},"6":{"start":{"line":185,"column":14},"end":{"line":230,"column":21}},"7":{"start":{"line":223,"column":24},"end":{"line":223,"column":74}},"8":{"start":{"line":290,"column":22},"end":{"line":292,"column":23}}},"fnMap":{"0":{"name":"(anonymous_0)","decl":{"start":{"line":36,"column":14},"end":{"line":36,"column":15}},"loc":{"start":{"line":36,"column":20},"end":{"line":344,"column":1}},"line":36},"1":{"name":"(anonymous_1)","decl":{"start":{"line":146,"column":33},"end":{"line":146,"column":34}},"loc":{"start":{"line":147,"column":14},"end":{"line":177,"column":21}},"line":147},"2":{"name":"(anonymous_2)","decl":{"start":{"line":184,"column":28},"end":{"line":184,"column":29}},"loc":{"start":{"line":185,"column":14},"end":{"line":230,"column":21}},"line":185},"3":{"name":"(anonymous_3)","decl":{"start":{"line":222,"column":31},"end":{"line":222,"column":32}},"loc":{"start":{"line":223,"column":24},"end":{"line":223,"column":74}},"line":223},"4":{"name":"(anonymous_4)","decl":{"start":{"line":289,"column":29},"end":{"line":289,"column":30}},"loc":{"start":{"line":290,"column":22},"end":{"line":292,"column":23}},"line":290}},"branchMap":{},"s":{"0":2,"1":9,"2":9,"3":9,"4":9,"5":36,"6":27,"7":0,"8":0},"f":{"0":9,"1":36,"2":27,"3":0,"4":0},"b":{},"_coverageSchema":"1a1c01bbd47fc00a2c39e90264f33305004495a9","hash":"24346dfec07c2e7d3e1a1a6414dcb7b05e51327d"}
,"/home/sameer-rog/work/shadowcast/fourthStar/fourth-star-web-user-frontend/src/pages/marketplace/entertainments/Index.jsx": {"path":"/home/sameer-rog/work/shadowcast/fourthStar/fourth-star-web-user-frontend/src/pages/marketplace/entertainments/Index.jsx","statementMap":{"0":{"start":{"line":26,"column":47},"end":{"line":26,"column":52}},"1":{"start":{"line":28,"column":2},"end":{"line":38,"column":4}},"2":{"start":{"line":48,"column":2},"end":{"line":51,"column":4}},"3":{"start":{"line":54,"column":14},"end":{"line":104,"column":1}},"4":{"start":{"line":55,"column":19},"end":{"line":55,"column":32}},"5":{"start":{"line":56,"column":19},"end":{"line":56,"column":30}},"6":{"start":{"line":58,"column":36},"end":{"line":62,"column":4}},"7":{"start":{"line":64,"column":28},"end":{"line":64,"column":39}},"8":{"start":{"line":66,"column":23},"end":{"line":87,"column":3}},"9":{"start":{"line":67,"column":4},"end":{"line":67,"column":26}},"10":{"start":{"line":68,"column":4},"end":{"line":86,"column":5}},"11":{"start":{"line":70,"column":8},"end":{"line":70,"column":52}},"12":{"start":{"line":71,"column":8},"end":{"line":71,"column":14}},"13":{"start":{"line":73,"column":8},"end":{"line":73,"column":59}},"14":{"start":{"line":74,"column":8},"end":{"line":74,"column":14}},"15":{"start":{"line":76,"column":8},"end":{"line":76,"column":52}},"16":{"start":{"line":77,"column":8},"end":{"line":77,"column":14}},"17":{"start":{"line":79,"column":8},"end":{"line":79,"column":52}},"18":{"start":{"line":80,"column":8},"end":{"line":80,"column":14}},"19":{"start":{"line":82,"column":8},"end":{"line":82,"column":57}},"20":{"start":{"line":83,"column":8},"end":{"line":83,"column":14}},"21":{"start":{"line":85,"column":8},"end":{"line":85,"column":14}},"22":{"start":{"line":89,"column":2},"end":{"line":102,"column":13}},"23":{"start":{"line":91,"column":4},"end":{"line":101,"column":5}},"24":{"start":{"line":92,"column":6},"end":{"line":92,"column":18}},"25":{"start":{"line":93,"column":11},"end":{"line":101,"column":5}},"26":{"start":{"line":94,"column":6},"end":{"line":94,"column":18}},"27":{"start":{"line":95,"column":11},"end":{"line":101,"column":5}},"28":{"start":{"line":96,"column":6},"end":{"line":96,"column":18}},"29":{"start":{"line":97,"column":11},"end":{"line":101,"column":5}},"30":{"start":{"line":98,"column":6},"end":{"line":98,"column":18}},"31":{"start":{"line":99,"column":11},"end":{"line":101,"column":5}},"32":{"start":{"line":100,"column":6},"end":{"line":100,"column":18}},"33":{"start":{"line":103,"column":2},"end":{"line":103,"column":15}}},"fnMap":{"0":{"name":"TabPanel","decl":{"start":{"line":25,"column":9},"end":{"line":25,"column":17}},"loc":{"start":{"line":25,"column":25},"end":{"line":39,"column":1}},"line":25},"1":{"name":"a11yProps","decl":{"start":{"line":47,"column":9},"end":{"line":47,"column":18}},"loc":{"start":{"line":47,"column":26},"end":{"line":52,"column":1}},"line":47},"2":{"name":"(anonymous_2)","decl":{"start":{"line":54,"column":14},"end":{"line":54,"column":15}},"loc":{"start":{"line":54,"column":20},"end":{"line":104,"column":1}},"line":54},"3":{"name":"(anonymous_3)","decl":{"start":{"line":66,"column":23},"end":{"line":66,"column":24}},"loc":{"start":{"line":66,"column":44},"end":{"line":87,"column":3}},"line":66},"4":{"name":"(anonymous_4)","decl":{"start":{"line":89,"column":12},"end":{"line":89,"column":13}},"loc":{"start":{"line":89,"column":18},"end":{"line":102,"column":3}},"line":89}},"branchMap":{"0":{"loc":{"start":{"line":36,"column":7},"end":{"line":36,"column":48}},"type":"binary-expr","locations":[{"start":{"line":36,"column":7},"end":{"line":36,"column":22}},{"start":{"line":36,"column":26},"end":{"line":36,"column":48}}],"line":36},"1":{"loc":{"start":{"line":68,"column":4},"end":{"line":86,"column":5}},"type":"switch","locations":[{"start":{"line":69,"column":6},"end":{"line":71,"column":14}},{"start":{"line":72,"column":6},"end":{"line":74,"column":14}},{"start":{"line":75,"column":6},"end":{"line":77,"column":14}},{"start":{"line":78,"column":6},"end":{"line":80,"column":14}},{"start":{"line":81,"column":6},"end":{"line":83,"column":14}},{"start":{"line":84,"column":6},"end":{"line":85,"column":14}}],"line":68},"2":{"loc":{"start":{"line":91,"column":4},"end":{"line":101,"column":5}},"type":"if","locations":[{"start":{"line":91,"column":4},"end":{"line":101,"column":5}},{"start":{"line":93,"column":11},"end":{"line":101,"column":5}}],"line":91},"3":{"loc":{"start":{"line":93,"column":11},"end":{"line":101,"column":5}},"type":"if","locations":[{"start":{"line":93,"column":11},"end":{"line":101,"column":5}},{"start":{"line":95,"column":11},"end":{"line":101,"column":5}}],"line":93},"4":{"loc":{"start":{"line":95,"column":11},"end":{"line":101,"column":5}},"type":"if","locations":[{"start":{"line":95,"column":11},"end":{"line":101,"column":5}},{"start":{"line":97,"column":11},"end":{"line":101,"column":5}}],"line":95},"5":{"loc":{"start":{"line":97,"column":11},"end":{"line":101,"column":5}},"type":"if","locations":[{"start":{"line":97,"column":11},"end":{"line":101,"column":5}},{"start":{"line":99,"column":11},"end":{"line":101,"column":5}}],"line":97},"6":{"loc":{"start":{"line":99,"column":11},"end":{"line":101,"column":5}},"type":"if","locations":[{"start":{"line":99,"column":11},"end":{"line":101,"column":5}},{"start":{},"end":{}}],"line":99}},"s":{"0":0,"1":0,"2":0,"3":1,"4":0,"5":0,"6":0,"7":0,"8":0,"9":0,"10":0,"11":0,"12":0,"13":0,"14":0,"15":0,"16":0,"17":0,"18":0,"19":0,"20":0,"21":0,"22":0,"23":0,"24":0,"25":0,"26":0,"27":0,"28":0,"29":0,"30":0,"31":0,"32":0,"33":0},"f":{"0":0,"1":0,"2":0,"3":0,"4":0},"b":{"0":[0,0],"1":[0,0,0,0,0,0],"2":[0,0],"3":[0,0],"4":[0,0],"5":[0,0],"6":[0,0]},"_coverageSchema":"1a1c01bbd47fc00a2c39e90264f33305004495a9","hash":"86f1f18ba04ed7d893f98c6c73a3c9e5102b1a6c"}
,"/home/sameer-rog/work/shadowcast/fourthStar/fourth-star-web-user-frontend/src/pages/marketplace/entertainments/components/Index.jsx": {"path":"/home/sameer-rog/work/shadowcast/fourthStar/fourth-star-web-user-frontend/src/pages/marketplace/entertainments/components/Index.jsx","statementMap":{"0":{"start":{"line":24,"column":47},"end":{"line":24,"column":52}},"1":{"start":{"line":26,"column":2},"end":{"line":36,"column":4}},"2":{"start":{"line":46,"column":2},"end":{"line":49,"column":4}},"3":{"start":{"line":52,"column":14},"end":{"line":84,"column":1}},"4":{"start":{"line":53,"column":19},"end":{"line":53,"column":32}},"5":{"start":{"line":55,"column":36},"end":{"line":59,"column":4}},"6":{"start":{"line":61,"column":28},"end":{"line":61,"column":39}},"7":{"start":{"line":63,"column":23},"end":{"line":78,"column":3}},"8":{"start":{"line":64,"column":4},"end":{"line":76,"column":5}},"9":{"start":{"line":66,"column":8},"end":{"line":66,"column":44}},"10":{"start":{"line":67,"column":8},"end":{"line":67,"column":14}},"11":{"start":{"line":69,"column":8},"end":{"line":69,"column":39}},"12":{"start":{"line":70,"column":8},"end":{"line":70,"column":14}},"13":{"start":{"line":72,"column":8},"end":{"line":72,"column":52}},"14":{"start":{"line":73,"column":8},"end":{"line":73,"column":14}},"15":{"start":{"line":75,"column":8},"end":{"line":75,"column":14}},"16":{"start":{"line":80,"column":2},"end":{"line":82,"column":9}},"17":{"start":{"line":83,"column":2},"end":{"line":83,"column":15}}},"fnMap":{"0":{"name":"TabPanel","decl":{"start":{"line":23,"column":9},"end":{"line":23,"column":17}},"loc":{"start":{"line":23,"column":25},"end":{"line":37,"column":1}},"line":23},"1":{"name":"a11yProps","decl":{"start":{"line":45,"column":9},"end":{"line":45,"column":18}},"loc":{"start":{"line":45,"column":26},"end":{"line":50,"column":1}},"line":45},"2":{"name":"(anonymous_2)","decl":{"start":{"line":52,"column":14},"end":{"line":52,"column":15}},"loc":{"start":{"line":52,"column":20},"end":{"line":84,"column":1}},"line":52},"3":{"name":"(anonymous_3)","decl":{"start":{"line":63,"column":23},"end":{"line":63,"column":24}},"loc":{"start":{"line":63,"column":44},"end":{"line":78,"column":3}},"line":63},"4":{"name":"(anonymous_4)","decl":{"start":{"line":80,"column":12},"end":{"line":80,"column":13}},"loc":{"start":{"line":80,"column":18},"end":{"line":82,"column":3}},"line":80}},"branchMap":{"0":{"loc":{"start":{"line":34,"column":7},"end":{"line":34,"column":48}},"type":"binary-expr","locations":[{"start":{"line":34,"column":7},"end":{"line":34,"column":22}},{"start":{"line":34,"column":26},"end":{"line":34,"column":48}}],"line":34},"1":{"loc":{"start":{"line":64,"column":4},"end":{"line":76,"column":5}},"type":"switch","locations":[{"start":{"line":65,"column":6},"end":{"line":67,"column":14}},{"start":{"line":68,"column":6},"end":{"line":70,"column":14}},{"start":{"line":71,"column":6},"end":{"line":73,"column":14}},{"start":{"line":74,"column":6},"end":{"line":75,"column":14}}],"line":64}},"s":{"0":0,"1":0,"2":0,"3":1,"4":0,"5":0,"6":0,"7":0,"8":0,"9":0,"10":0,"11":0,"12":0,"13":0,"14":0,"15":0,"16":0,"17":0},"f":{"0":0,"1":0,"2":0,"3":0,"4":0},"b":{"0":[0,0],"1":[0,0,0,0]},"_coverageSchema":"1a1c01bbd47fc00a2c39e90264f33305004495a9","hash":"046077c8f5ebe2f26918b70d4d29a593c849d6ae"}
,"/home/sameer-rog/work/shadowcast/fourthStar/fourth-star-web-user-frontend/src/pages/marketplace/ships/Index.jsx": {"path":"/home/sameer-rog/work/shadowcast/fourthStar/fourth-star-web-user-frontend/src/pages/marketplace/ships/Index.jsx","statementMap":{"0":{"start":{"line":25,"column":14},"end":{"line":320,"column":1}},"1":{"start":{"line":26,"column":19},"end":{"line":26,"column":32}},"2":{"start":{"line":28,"column":2},"end":{"line":319,"column":4}},"3":{"start":{"line":214,"column":14},"end":{"line":267,"column":21}},"4":{"start":{"line":225,"column":18},"end":{"line":225,"column":77}}},"fnMap":{"0":{"name":"(anonymous_0)","decl":{"start":{"line":25,"column":14},"end":{"line":25,"column":15}},"loc":{"start":{"line":25,"column":20},"end":{"line":320,"column":1}},"line":25},"1":{"name":"(anonymous_1)","decl":{"start":{"line":213,"column":26},"end":{"line":213,"column":27}},"loc":{"start":{"line":214,"column":14},"end":{"line":267,"column":21}},"line":214},"2":{"name":"(anonymous_2)","decl":{"start":{"line":224,"column":25},"end":{"line":224,"column":26}},"loc":{"start":{"line":225,"column":18},"end":{"line":225,"column":77}},"line":225}},"branchMap":{},"s":{"0":1,"1":0,"2":0,"3":0,"4":0},"f":{"0":0,"1":0,"2":0},"b":{},"_coverageSchema":"1a1c01bbd47fc00a2c39e90264f33305004495a9","hash":"23b38947b670d07d4d8863bf3b8b8148e7806265"}
}
