TN:
SF:src/components/footer/Index.jsx
FN:14,(anonymous_0)
FNF:1
FNH:1
FNDA:7,(anonymous_0)
DA:14,2
DA:15,7
LF:2
LH:2
BRF:0
BRH:0
end_of_record
TN:
SF:src/components/header/Index.jsx
FN:19,(anonymous_0)
FN:45,(anonymous_1)
FNF:2
FNH:1
FNDA:8,(anonymous_0)
FNDA:0,(anonymous_1)
DA:19,2
DA:20,8
DA:21,8
DA:45,0
LF:4
LH:3
BRF:0
BRH:0
end_of_record
TN:
SF:src/components/sidebar/Index.jsx
FN:19,(anonymous_0)
FN:25,(anonymous_1)
FN:74,(anonymous_2)
FNF:3
FNH:2
FNDA:4,(anonymous_0)
FNDA:4,(anonymous_1)
FNDA:0,(anonymous_2)
DA:19,1
DA:20,4
DA:21,4
DA:23,4
DA:25,4
DA:26,4
DA:27,4
DA:28,4
DA:29,4
DA:32,4
DA:74,0
LF:11
LH:10
BRDA:27,0,0,4
BRDA:27,0,1,0
BRDA:29,1,0,0
BRDA:29,1,1,4
BRDA:78,2,0,0
BRDA:78,2,1,4
BRF:6
BRH:3
end_of_record
TN:
SF:src/pages/home/Index.jsx
FN:18,(anonymous_0)
FNF:1
FNH:1
FNDA:5,(anonymous_0)
DA:18,1
DA:19,5
LF:2
LH:2
BRF:0
BRH:0
end_of_record
TN:
SF:src/pages/marketplace/Index.jsx
FN:18,TabPanel
FN:34,a11yProps
FN:41,(anonymous_2)
FN:48,(anonymous_3)
FN:64,(anonymous_4)
FNF:5
FNH:4
FNDA:24,TabPanel
FNDA:48,a11yProps
FNDA:8,(anonymous_2)
FNDA:0,(anonymous_3)
FNDA:8,(anonymous_4)
DA:19,24
DA:21,24
DA:35,48
DA:41,1
DA:42,8
DA:43,8
DA:48,8
DA:49,0
DA:51,0
DA:52,0
DA:54,0
DA:55,0
DA:57,0
DA:58,0
DA:60,0
DA:64,8
DA:65,8
DA:67,8
LF:18
LH:10
BRDA:29,0,0,24
BRDA:29,0,1,8
BRDA:49,1,0,0
BRDA:49,1,1,0
BRDA:49,1,2,0
BRDA:49,1,3,0
BRDA:65,2,0,0
BRDA:65,2,1,8
BRF:8
BRH:3
end_of_record
TN:
SF:src/pages/marketplace/apartments/Index.jsx
FN:36,(anonymous_0)
FN:146,(anonymous_1)
FN:184,(anonymous_2)
FN:222,(anonymous_3)
FN:289,(anonymous_4)
FNF:5
FNH:3
FNDA:9,(anonymous_0)
FNDA:36,(anonymous_1)
FNDA:27,(anonymous_2)
FNDA:0,(anonymous_3)
FNDA:0,(anonymous_4)
DA:36,2
DA:37,9
DA:39,9
DA:79,9
DA:97,9
DA:147,36
DA:185,27
DA:223,0
DA:290,0
LF:9
LH:7
BRF:0
BRH:0
end_of_record
TN:
SF:src/pages/marketplace/entertainments/Index.jsx
FN:25,TabPanel
FN:47,a11yProps
FN:54,(anonymous_2)
FN:66,(anonymous_3)
FN:89,(anonymous_4)
FNF:5
FNH:0
FNDA:0,TabPanel
FNDA:0,a11yProps
FNDA:0,(anonymous_2)
FNDA:0,(anonymous_3)
FNDA:0,(anonymous_4)
DA:26,0
DA:28,0
DA:48,0
DA:54,1
DA:55,0
DA:56,0
DA:58,0
DA:64,0
DA:66,0
DA:67,0
DA:68,0
DA:70,0
DA:71,0
DA:73,0
DA:74,0
DA:76,0
DA:77,0
DA:79,0
DA:80,0
DA:82,0
DA:83,0
DA:85,0
DA:89,0
DA:91,0
DA:92,0
DA:93,0
DA:94,0
DA:95,0
DA:96,0
DA:97,0
DA:98,0
DA:99,0
DA:100,0
DA:103,0
LF:34
LH:1
BRDA:36,0,0,0
BRDA:36,0,1,0
BRDA:68,1,0,0
BRDA:68,1,1,0
BRDA:68,1,2,0
BRDA:68,1,3,0
BRDA:68,1,4,0
BRDA:68,1,5,0
BRDA:91,2,0,0
BRDA:91,2,1,0
BRDA:93,3,0,0
BRDA:93,3,1,0
BRDA:95,4,0,0
BRDA:95,4,1,0
BRDA:97,5,0,0
BRDA:97,5,1,0
BRDA:99,6,0,0
BRDA:99,6,1,0
BRF:18
BRH:0
end_of_record
TN:
SF:src/pages/marketplace/entertainments/components/Index.jsx
FN:23,TabPanel
FN:45,a11yProps
FN:52,(anonymous_2)
FN:63,(anonymous_3)
FN:80,(anonymous_4)
FNF:5
FNH:0
FNDA:0,TabPanel
FNDA:0,a11yProps
FNDA:0,(anonymous_2)
FNDA:0,(anonymous_3)
FNDA:0,(anonymous_4)
DA:24,0
DA:26,0
DA:46,0
DA:52,1
DA:53,0
DA:55,0
DA:61,0
DA:63,0
DA:64,0
DA:66,0
DA:67,0
DA:69,0
DA:70,0
DA:72,0
DA:73,0
DA:75,0
DA:80,0
DA:83,0
LF:18
LH:1
BRDA:34,0,0,0
BRDA:34,0,1,0
BRDA:64,1,0,0
BRDA:64,1,1,0
BRDA:64,1,2,0
BRDA:64,1,3,0
BRF:6
BRH:0
end_of_record
TN:
SF:src/pages/marketplace/ships/Index.jsx
FN:25,(anonymous_0)
FN:213,(anonymous_1)
FN:224,(anonymous_2)
FNF:3
FNH:0
FNDA:0,(anonymous_0)
FNDA:0,(anonymous_1)
FNDA:0,(anonymous_2)
DA:25,1
DA:26,0
DA:28,0
DA:214,0
DA:225,0
LF:5
LH:1
BRF:0
BRH:0
end_of_record
